app/build/outputs/logs/manifest-merger-debug-report.txt
-- Merging decision tree log ---
manifest
ADDED from src/main/AndroidManifest.xml:2:1-36:12
	package
		ADDED from src/main/AndroidManifest.xml:3:69-103
		INJECTED from src/main/AndroidManifest.xml
		INJECTED from src/main/AndroidManifest.xml
	android:versionName
		ADDED from src/main/AndroidManifest.xml:3:27-68
		INJECTED from src/main/AndroidManifest.xml
		INJECTED from src/main/AndroidManifest.xml
	android:versionCode
		ADDED from src/main/AndroidManifest.xml:3:2-26
		INJECTED from src/main/AndroidManifest.xml
		INJECTED from src/main/AndroidManifest.xml
	xmlns:android
		ADDED from src/main/AndroidManifest.xml:2:11-69
uses-permission#android.permission.INTERNET
ADDED from src/main/AndroidManifest.xml:4:2-64
	android:name
		ADDED from src/main/AndroidManifest.xml:4:19-61
uses-permission#android.permission.ACCESS_NETWORK_STATE
ADDED from src/main/AndroidManifest.xml:5:2-76
	android:name
		ADDED from src/main/AndroidManifest.xml:5:19-73
uses-permission#android.permission.ACCESS_WIFI_STATE
ADDED from src/main/AndroidManifest.xml:6:2-73
	android:name
		ADDED from src/main/AndroidManifest.xml:6:19-70
uses-permission#android.permission.CHANGE_WIFI_MULTICAST_STATE
ADDED from src/main/AndroidManifest.xml:7:2-83
	android:name
		ADDED from src/main/AndroidManifest.xml:7:19-80
uses-permission#android.permission.WRITE_SETTINGS
ADDED from src/main/AndroidManifest.xml:8:2-70
	android:name
		ADDED from src/main/AndroidManifest.xml:8:19-67
uses-permission#android.permission.WRITE_EXTERNAL_STORAGE
ADDED from src/main/AndroidManifest.xml:9:5-81
	android:name
		ADDED from src/main/AndroidManifest.xml:9:22-78
application
ADDED from src/main/AndroidManifest.xml:10:2-35:16
	android:label
		ADDED from src/main/AndroidManifest.xml:11:3-35
	android:noHistory
		ADDED from src/main/AndroidManifest.xml:11:37-61
	android:allowBackup
		ADDED from src/main/AndroidManifest.xml:10:53-79
	android:icon
		ADDED from src/main/AndroidManifest.xml:10:15-52
	android:name
		ADDED from src/main/AndroidManifest.xml:11:63-126
activity#de.blankedv.lanbahnpanel.LanbahnPanelActivity
ADDED from src/main/AndroidManifest.xml:12:3-22:14
	android:screenOrientation
		ADDED from src/main/AndroidManifest.xml:13:37-74
	android:label
		ADDED from src/main/AndroidManifest.xml:13:4-36
	android:name
		ADDED from src/main/AndroidManifest.xml:12:13-73
intent-filter#android.intent.action.MAIN+android.intent.category.LAUNCHER
ADDED from src/main/AndroidManifest.xml:14:4-21:20
action#android.intent.action.MAIN
ADDED from src/main/AndroidManifest.xml:15:5-57
	android:name
		ADDED from src/main/AndroidManifest.xml:15:13-54
category#android.intent.category.LAUNCHER
ADDED from src/main/AndroidManifest.xml:16:5-65
	android:name
		ADDED from src/main/AndroidManifest.xml:16:15-62
data
ADDED from src/main/AndroidManifest.xml:17:5-35
	android:scheme
		ADDED from src/main/AndroidManifest.xml:17:11-32
activity#de.blankedv.lanbahnpanel.Preferences
ADDED from src/main/AndroidManifest.xml:23:9-28:20
	android:label
		ADDED from src/main/AndroidManifest.xml:23:71-103
	android:name
		ADDED from src/main/AndroidManifest.xml:23:19-70
intent-filter#android.intent.action.preferences+android.intent.category.LAUNCHER
ADDED from src/main/AndroidManifest.xml:24:13-27:29
action#android.intent.action.preferences
ADDED from src/main/AndroidManifest.xml:25:17-76
	android:name
		ADDED from src/main/AndroidManifest.xml:25:25-73
activity#de.blankedv.lanbahnpanel.AboutActivity
ADDED from src/main/AndroidManifest.xml:29:3-34:14
	android:label
		ADDED from src/main/AndroidManifest.xml:29:67-99
	android:name
		ADDED from src/main/AndroidManifest.xml:29:13-66
intent-filter#android.intent.action.about+android.intent.category.LAUNCHER
ADDED from src/main/AndroidManifest.xml:30:4-33:20
action#android.intent.action.about
ADDED from src/main/AndroidManifest.xml:31:5-58
	android:name
		ADDED from src/main/AndroidManifest.xml:31:13-55
uses-sdk
INJECTED from src/main/AndroidManifest.xml reason: use-sdk injection requested
	android:targetSdkVersion
		INJECTED from src/main/AndroidManifest.xml
		INJECTED from src/main/AndroidManifest.xml
	android:minSdkVersion
		INJECTED from src/main/AndroidManifest.xml
		INJECTED from src/main/AndroidManifest.xml